app/build/intermediates/manifest_merge_blame_file/debug/manifest-merger-blame-debug-report.txt
1<?xml version="1.0" encoding="utf-8"?>
2<manifest xmlns:android="http://schemas.android.com/apk/res/android"
3    package="com.mahasiswa.nilaimahasiswa"
4    android:versionCode="1"
5    android:versionName="1.0" >
6
7    <uses-sdk
8        android:minSdkVersion="24"
9        android:targetSdkVersion="34" />
10
11    <permission
11-->[androidx.core:core:1.9.0] AndroidManifest.xml:22:5-24:47
12        android:name="com.mahasiswa.nilaimahasiswa.DYNAMIC_RECEIVER_NOT_EXPORTED_PERMISSION"
12-->[androidx.core:core:1.9.0] AndroidManifest.xml:23:9-81
13        android:protectionLevel="signature" />
13-->[androidx.core:core:1.9.0] AndroidManifest.xml:24:9-44
14
15    <uses-permission android:name="com.mahasiswa.nilaimahasiswa.DYNAMIC_RECEIVER_NOT_EXPORTED_PERMISSION" />
15-->[androidx.core:core:1.9.0] AndroidManifest.xml:26:5-97
15-->[androidx.core:core:1.9.0] AndroidManifest.xml:26:22-94
16
17    <application
17-->src\main\AndroidManifest.xml:5:5-29:19
18        android:allowBackup="true"
18-->src\main\AndroidManifest.xml:6:9-35
19        android:appComponentFactory="androidx.core.app.CoreComponentFactory"
19-->[androidx.core:core:1.9.0] AndroidManifest.xml:28:18-86
20        android:debuggable="true"
21        android:extractNativeLibs="false"
22        android:icon="@mipmap/ic_launcher"
22-->src\main\AndroidManifest.xml:7:9-43
23        android:label="@string/app_name"
23-->src\main\AndroidManifest.xml:8:9-41
24        android:roundIcon="@mipmap/ic_launcher_round"
24-->src\main\AndroidManifest.xml:9:9-54
25        android:supportsRtl="true"
25-->src\main\AndroidManifest.xml:10:9-35
26        android:testOnly="true"
27        android:theme="@style/Theme.NilaiMahasiswa" >
27-->src\main\AndroidManifest.xml:11:9-52
28        <activity
28-->src\main\AndroidManifest.xml:14:9-22:20
29            android:name="com.mahasiswa.nilaimahasiswa.MainActivity"
29-->src\main\AndroidManifest.xml:15:13-41
30            android:exported="true"
30-->src\main\AndroidManifest.xml:16:13-36
31            android:windowSoftInputMode="adjustResize" >
31-->src\main\AndroidManifest.xml:17:13-55
32            <intent-filter>
32-->src\main\AndroidManifest.xml:18:13-21:29
33                <action android:name="android.intent.action.MAIN" />
33-->src\main\AndroidManifest.xml:19:17-69
33-->src\main\AndroidManifest.xml:19:25-66
34
35                <category android:name="android.intent.category.LAUNCHER" />
35-->src\main\AndroidManifest.xml:20:17-77
35-->src\main\AndroidManifest.xml:20:27-74
36            </intent-filter>
37        </activity>
38        <activity
38-->src\main\AndroidManifest.xml:24:9-27:58
39            android:name="com.mahasiswa.nilaimahasiswa.HistoryActivity"
39-->src\main\AndroidManifest.xml:25:13-44
40            android:exported="false"
40-->src\main\AndroidManifest.xml:26:13-37
41            android:parentActivityName="com.mahasiswa.nilaimahasiswa.MainActivity" />
41-->src\main\AndroidManifest.xml:27:13-55
42
43        <provider
43-->[androidx.emoji2:emoji2:1.2.0] AndroidManifest.xml:24:9-32:20
44            android:name="androidx.startup.InitializationProvider"
44-->[androidx.emoji2:emoji2:1.2.0] AndroidManifest.xml:25:13-67
45            android:authorities="com.mahasiswa.nilaimahasiswa.androidx-startup"
45-->[androidx.emoji2:emoji2:1.2.0] AndroidManifest.xml:26:13-68
46            android:exported="false" >
46-->[androidx.emoji2:emoji2:1.2.0] AndroidManifest.xml:27:13-37
47            <meta-data
47-->[androidx.emoji2:emoji2:1.2.0] AndroidManifest.xml:29:13-31:52
48                android:name="androidx.emoji2.text.EmojiCompatInitializer"
48-->[androidx.emoji2:emoji2:1.2.0] AndroidManifest.xml:30:17-75
49                android:value="androidx.startup" />
49-->[androidx.emoji2:emoji2:1.2.0] AndroidManifest.xml:31:17-49
50            <meta-data
50-->[androidx.lifecycle:lifecycle-process:2.6.1] AndroidManifest.xml:29:13-31:52
51                android:name="androidx.lifecycle.ProcessLifecycleInitializer"
51-->[androidx.lifecycle:lifecycle-process:2.6.1] AndroidManifest.xml:30:17-78
52                android:value="androidx.startup" />
52-->[androidx.lifecycle:lifecycle-process:2.6.1] AndroidManifest.xml:31:17-49
53            <meta-data
53-->[androidx.profileinstaller:profileinstaller:1.3.0] AndroidManifest.xml:29:13-31:52
54                android:name="androidx.profileinstaller.ProfileInstallerInitializer"
54-->[androidx.profileinstaller:profileinstaller:1.3.0] AndroidManifest.xml:30:17-85
55                android:value="androidx.startup" />
55-->[androidx.profileinstaller:profileinstaller:1.3.0] AndroidManifest.xml:31:17-49
56        </provider>
57
58        <receiver
58-->[androidx.profileinstaller:profileinstaller:1.3.0] AndroidManifest.xml:34:9-52:20
59            android:name="androidx.profileinstaller.ProfileInstallReceiver"
59-->[androidx.profileinstaller:profileinstaller:1.3.0] AndroidManifest.xml:35:13-76
60            android:directBootAware="false"
60-->[androidx.profileinstaller:profileinstaller:1.3.0] AndroidManifest.xml:36:13-44
61            android:enabled="true"
61-->[androidx.profileinstaller:profileinstaller:1.3.0] AndroidManifest.xml:37:13-35
62            android:exported="true"
62-->[androidx.profileinstaller:profileinstaller:1.3.0] AndroidManifest.xml:38:13-36
63            android:permission="android.permission.DUMP" >
63-->[androidx.profileinstaller:profileinstaller:1.3.0] AndroidManifest.xml:39:13-57
64            <intent-filter>
64-->[androidx.profileinstaller:profileinstaller:1.3.0] AndroidManifest.xml:40:13-42:29
65                <action android:name="androidx.profileinstaller.action.INSTALL_PROFILE" />
65-->[androidx.profileinstaller:profileinstaller:1.3.0] AndroidManifest.xml:41:17-91
65-->[androidx.profileinstaller:profileinstaller:1.3.0] AndroidManifest.xml:41:25-88
66            </intent-filter>
67            <intent-filter>
67-->[androidx.profileinstaller:profileinstaller:1.3.0] AndroidManifest.xml:43:13-45:29
68                <action android:name="androidx.profileinstaller.action.SKIP_FILE" />
68-->[androidx.profileinstaller:profileinstaller:1.3.0] AndroidManifest.xml:44:17-85
68-->[androidx.profileinstaller:profileinstaller:1.3.0] AndroidManifest.xml:44:25-82
69            </intent-filter>
70            <intent-filter>
70-->[androidx.profileinstaller:profileinstaller:1.3.0] AndroidManifest.xml:46:13-48:29
71                <action android:name="androidx.profileinstaller.action.SAVE_PROFILE" />
71-->[androidx.profileinstaller:profileinstaller:1.3.0] AndroidManifest.xml:47:17-88
71-->[androidx.profileinstaller:profileinstaller:1.3.0] AndroidManifest.xml:47:25-85
72            </intent-filter>
73            <intent-filter>
73-->[androidx.profileinstaller:profileinstaller:1.3.0] AndroidManifest.xml:49:13-51:29
74                <action android:name="androidx.profileinstaller.action.BENCHMARK_OPERATION" />
74-->[androidx.profileinstaller:profileinstaller:1.3.0] AndroidManifest.xml:50:17-95
74-->[androidx.profileinstaller:profileinstaller:1.3.0] AndroidManifest.xml:50:25-92
75            </intent-filter>
76        </receiver>
77    </application>
78
79</manifest>